[10:07:54][INFO ][ContextLoader.java: 271] - Root WebApplicationContext: initialization started
[10:07:59][INFO ][ContextLoader.java: 307] - Root WebApplicationContext initialized in 4649 ms
[10:07:59][INFO ][FrameworkServlet.java: 525] - Initializing Servlet 'appServlet'
[10:08:04][INFO ][FrameworkServlet.java: 547] - Completed initialization in 5564 ms
[10:08:22][INFO ][LoginCheckIntercepter.java: 29] - 로그인 상태 : /intertwine/getfeed.do 요청
[10:08:22][INFO ][PostController.java: 794] - loginUser:User [userId=TEST1, userName=TEST1, userPwd=$2a$10$MEsFruTt9HfXg/Izz.EQeunwr/izqzALk3kNw2/IzuIX.qLJTMwcW, nickname=태석2, email=test1@test.com, phone=null, address=null, birthday=null, gender=null, registerTime=2024-04-11, accoutStatus=Y, visible=0, userStatus=0, userStop=N]
[10:08:22][INFO ][PostController.java: 805] - [TEST10, TEST2, TEST3, TEST4, TEST5, TEST6, TEST7, TEST8, TEST9, user01, xotjr0276]
[10:08:22][INFO ][PostController.java: 808] - [27, 26, 22, 24]
[10:08:22][INFO ][PostController.java: 815] - postIds: 4
[10:08:22][INFO ][PostController.java: 816] - postIds: [27, 26, 22, 24]
[10:08:22][INFO ][PostController.java: 852] - 1
[10:08:23][INFO ][PostController.java: 852] - 1
[10:08:23][INFO ][PostController.java: 852] - 1
[10:08:23][INFO ][PostController.java: 852] - 1
[10:08:23][INFO ][PostController.java: 880] - ModelAndView [view="post/feed"; model={feedItems=[FeedItem [user=User [userId=TEST2, userName=TEST2, userPwd=$2a$10$MEsFruTt9HfXg/Izz.EQeunwr/izqzALk3kNw2/IzuIX.qLJTMwcW, nickname=TEST2, email=test2@test.com, phone=null, address=null, birthday=null, gender=null, registerTime=2024-04-11, accoutStatus=Y, visible=0, userStatus=0, userStop=N], post=Post [postId=27, userId=TEST2, postContent=null, postVisible=0, postTime=2024-04-11, postView=6, postPin=0], image=Image [imageId=22, postId=27, imageLon=0.0, imageLat=0.0, imageURL=resources/postimage\d36e7552-61be-4e82-aa89-a1cc9c2a679f20240411194658.jpg], video=null, likeCount=0, isLiked=0, whatIsLiked=null, isBookmarked=0, isFollowing=1, isFollower=1, myPage=MyPage [userId=TEST2, userUseTime=2024-04-12, userTime=0, statusMessage=바이오, profile=se3_image_406528944.jpg, profileDraft=resources/profile/20240412093520.jpg]], FeedItem [user=User [userId=TEST2, userName=TEST2, userPwd=$2a$10$MEsFruTt9HfXg/Izz.EQeunwr/izqzALk3kNw2/IzuIX.qLJTMwcW, nickname=TEST2, email=test2@test.com, phone=null, address=null, birthday=null, gender=null, registerTime=2024-04-11, accoutStatus=Y, visible=0, userStatus=0, userStop=N], post=Post [postId=26, userId=TEST2, postContent=null, postVisible=0, postTime=2024-04-11, postView=1, postPin=0], image=Image [imageId=21, postId=26, imageLon=0.0, imageLat=0.0, imageURL=resources/postimage\aaa11f86-1607-48c5-b991-27d44aa2d2fe20240411194641.jpg], video=null, likeCount=0, isLiked=0, whatIsLiked=null, isBookmarked=0, isFollowing=1, isFollower=1, myPage=MyPage [userId=TEST2, userUseTime=2024-04-12, userTime=0, statusMessage=바이오, profile=se3_image_406528944.jpg, profileDraft=resources/profile/20240412093520.jpg]], FeedItem [user=User [userId=TEST2, userName=TEST2, userPwd=$2a$10$MEsFruTt9HfXg/Izz.EQeunwr/izqzALk3kNw2/IzuIX.qLJTMwcW, nickname=TEST2, email=test2@test.com, phone=null, address=null, birthday=null, gender=null, registerTime=2024-04-11, accoutStatus=Y, visible=0, userStatus=0, userStop=N], post=Post [postId=22, userId=TEST2, postContent=null, postVisible=0, postTime=2024-04-11, postView=0, postPin=0], image=Image [imageId=19, postId=22, imageLon=0.0, imageLat=0.0, imageURL=resources/postimage\9f479f07-5c8c-4f10-b10d-d5b921eb950920240411193828.jpg], video=null, likeCount=0, isLiked=0, whatIsLiked=null, isBookmarked=0, isFollowing=1, isFollower=1, myPage=MyPage [userId=TEST2, userUseTime=2024-04-12, userTime=0, statusMessage=바이오, profile=se3_image_406528944.jpg, profileDraft=resources/profile/20240412093520.jpg]], FeedItem [user=User [userId=TEST2, userName=TEST2, userPwd=$2a$10$MEsFruTt9HfXg/Izz.EQeunwr/izqzALk3kNw2/IzuIX.qLJTMwcW, nickname=TEST2, email=test2@test.com, phone=null, address=null, birthday=null, gender=null, registerTime=2024-04-11, accoutStatus=Y, visible=0, userStatus=0, userStop=N], post=Post [postId=24, userId=TEST2, postContent=null, postVisible=0, postTime=2024-04-11, postView=0, postPin=0], image=Image [imageId=20, postId=24, imageLon=0.0, imageLat=0.0, imageURL=resources/postimage\8c78bc38-c503-4777-acc9-72f305531e0b20240411194620.png], video=null, likeCount=0, isLiked=0, whatIsLiked=null, isBookmarked=0, isFollowing=1, isFollower=1, myPage=MyPage [userId=TEST2, userUseTime=2024-04-12, userTime=0, statusMessage=바이오, profile=se3_image_406528944.jpg, profileDraft=resources/profile/20240412093520.jpg]]], defaultImage=C:\spring_workspace\intertwine\src\main\webapp\resources\profile\images.jpg}]
[10:08:24][INFO ][LoginCheckIntercepter.java: 29] - 로그인 상태 : /intertwine/startSquare.do 요청
[10:08:25][INFO ][LoginCheckIntercepter.java: 29] - 로그인 상태 : /intertwine/getmycharacter.do 요청
[10:08:25][INFO ][LoginCheckIntercepter.java: 29] - 로그인 상태 : /intertwine/getnickname.do 요청
[10:08:33][INFO ][LoginCheckIntercepter.java: 29] - 로그인 상태 : /intertwine/getcharacterreosource.do 요청
[10:08:36][INFO ][LoginCheckIntercepter.java: 29] - 로그인 상태 : /intertwine/changemycharacter.do 요청
[10:08:37][INFO ][LoginCheckIntercepter.java: 29] - 로그인 상태 : /intertwine/getallroomreosource.do 요청
[10:08:41][INFO ][LoginCheckIntercepter.java: 29] - 로그인 상태 : /intertwine/changemyroomcolor.do 요청
[10:08:41][INFO ][LoginCheckIntercepter.java: 29] - 로그인 상태 : /intertwine/changemyroom.do 요청
[10:08:41][INFO ][LoginCheckIntercepter.java: 29] - 로그인 상태 : /intertwine/getmyroom.do 요청
[10:08:43][INFO ][LoginCheckIntercepter.java: 29] - 로그인 상태 : /intertwine/getimagebyuserid.do 요청
[10:08:45][INFO ][LoginCheckIntercepter.java: 29] - 로그인 상태 : /intertwine/selectguestbook.do 요청
[10:08:52][INFO ][LoginCheckIntercepter.java: 29] - 로그인 상태 : /intertwine/getfeed.do 요청
[10:08:52][INFO ][PostController.java: 794] - loginUser:User [userId=TEST1, userName=TEST1, userPwd=$2a$10$MEsFruTt9HfXg/Izz.EQeunwr/izqzALk3kNw2/IzuIX.qLJTMwcW, nickname=태석2, email=test1@test.com, phone=null, address=null, birthday=null, gender=null, registerTime=2024-04-11, accoutStatus=Y, visible=0, userStatus=0, userStop=N]
[10:08:52][INFO ][PostController.java: 805] - [TEST10, TEST2, TEST3, TEST4, TEST5, TEST6, TEST7, TEST8, TEST9, user01, xotjr0276]
[10:08:52][INFO ][PostController.java: 808] - [27, 26, 22, 24]
[10:08:52][INFO ][PostController.java: 815] - postIds: 4
[10:08:52][INFO ][PostController.java: 816] - postIds: [27, 26, 22, 24]
[10:08:52][INFO ][PostController.java: 852] - 1
[10:08:52][INFO ][PostController.java: 852] - 1
[10:08:52][INFO ][PostController.java: 852] - 1
[10:08:52][INFO ][PostController.java: 852] - 1
[10:08:52][INFO ][PostController.java: 880] - ModelAndView [view="post/feed"; model={feedItems=[FeedItem [user=User [userId=TEST2, userName=TEST2, userPwd=$2a$10$MEsFruTt9HfXg/Izz.EQeunwr/izqzALk3kNw2/IzuIX.qLJTMwcW, nickname=TEST2, email=test2@test.com, phone=null, address=null, birthday=null, gender=null, registerTime=2024-04-11, accoutStatus=Y, visible=0, userStatus=0, userStop=N], post=Post [postId=27, userId=TEST2, postContent=null, postVisible=0, postTime=2024-04-11, postView=6, postPin=0], image=Image [imageId=22, postId=27, imageLon=0.0, imageLat=0.0, imageURL=resources/postimage\d36e7552-61be-4e82-aa89-a1cc9c2a679f20240411194658.jpg], video=null, likeCount=0, isLiked=0, whatIsLiked=null, isBookmarked=0, isFollowing=1, isFollower=1, myPage=MyPage [userId=TEST2, userUseTime=2024-04-12, userTime=0, statusMessage=바이오, profile=se3_image_406528944.jpg, profileDraft=resources/profile/20240412093520.jpg]], FeedItem [user=User [userId=TEST2, userName=TEST2, userPwd=$2a$10$MEsFruTt9HfXg/Izz.EQeunwr/izqzALk3kNw2/IzuIX.qLJTMwcW, nickname=TEST2, email=test2@test.com, phone=null, address=null, birthday=null, gender=null, registerTime=2024-04-11, accoutStatus=Y, visible=0, userStatus=0, userStop=N], post=Post [postId=26, userId=TEST2, postContent=null, postVisible=0, postTime=2024-04-11, postView=1, postPin=0], image=Image [imageId=21, postId=26, imageLon=0.0, imageLat=0.0, imageURL=resources/postimage\aaa11f86-1607-48c5-b991-27d44aa2d2fe20240411194641.jpg], video=null, likeCount=0, isLiked=0, whatIsLiked=null, isBookmarked=0, isFollowing=1, isFollower=1, myPage=MyPage [userId=TEST2, userUseTime=2024-04-12, userTime=0, statusMessage=바이오, profile=se3_image_406528944.jpg, profileDraft=resources/profile/20240412093520.jpg]], FeedItem [user=User [userId=TEST2, userName=TEST2, userPwd=$2a$10$MEsFruTt9HfXg/Izz.EQeunwr/izqzALk3kNw2/IzuIX.qLJTMwcW, nickname=TEST2, email=test2@test.com, phone=null, address=null, birthday=null, gender=null, registerTime=2024-04-11, accoutStatus=Y, visible=0, userStatus=0, userStop=N], post=Post [postId=22, userId=TEST2, postContent=null, postVisible=0, postTime=2024-04-11, postView=0, postPin=0], image=Image [imageId=19, postId=22, imageLon=0.0, imageLat=0.0, imageURL=resources/postimage\9f479f07-5c8c-4f10-b10d-d5b921eb950920240411193828.jpg], video=null, likeCount=0, isLiked=0, whatIsLiked=null, isBookmarked=0, isFollowing=1, isFollower=1, myPage=MyPage [userId=TEST2, userUseTime=2024-04-12, userTime=0, statusMessage=바이오, profile=se3_image_406528944.jpg, profileDraft=resources/profile/20240412093520.jpg]], FeedItem [user=User [userId=TEST2, userName=TEST2, userPwd=$2a$10$MEsFruTt9HfXg/Izz.EQeunwr/izqzALk3kNw2/IzuIX.qLJTMwcW, nickname=TEST2, email=test2@test.com, phone=null, address=null, birthday=null, gender=null, registerTime=2024-04-11, accoutStatus=Y, visible=0, userStatus=0, userStop=N], post=Post [postId=24, userId=TEST2, postContent=null, postVisible=0, postTime=2024-04-11, postView=0, postPin=0], image=Image [imageId=20, postId=24, imageLon=0.0, imageLat=0.0, imageURL=resources/postimage\8c78bc38-c503-4777-acc9-72f305531e0b20240411194620.png], video=null, likeCount=0, isLiked=0, whatIsLiked=null, isBookmarked=0, isFollowing=1, isFollower=1, myPage=MyPage [userId=TEST2, userUseTime=2024-04-12, userTime=0, statusMessage=바이오, profile=se3_image_406528944.jpg, profileDraft=resources/profile/20240412093520.jpg]]], defaultImage=C:\spring_workspace\intertwine\src\main\webapp\resources\profile\images.jpg}]
[10:08:53][INFO ][LoginCheckIntercepter.java: 29] - 로그인 상태 : /intertwine/startSquare.do 요청
[10:08:53][INFO ][LoginCheckIntercepter.java: 29] - 로그인 상태 : /intertwine/getmycharacter.do 요청
[10:08:53][INFO ][LoginCheckIntercepter.java: 29] - 로그인 상태 : /intertwine/getnickname.do 요청
[10:09:40][INFO ][LoginCheckIntercepter.java: 29] - 로그인 상태 : /intertwine/getfriendlist.do 요청
[10:09:41][INFO ][LoginCheckIntercepter.java: 29] - 로그인 상태 : /intertwine/movetofriendroom.do 요청
[10:09:44][INFO ][LoginCheckIntercepter.java: 29] - 로그인 상태 : /intertwine/getimagebyuserid.do 요청
[10:09:46][INFO ][LoginCheckIntercepter.java: 29] - 로그인 상태 : /intertwine/selectguestbook.do 요청
